androidApp/build/intermediates/manifest_merge_blame_file/debug/manifest-merger-blame-debug-report.txt
1<?xml version="1.0" encoding="utf-8"?>
2<manifest xmlns:android="http://schemas.android.com/apk/res/android"
3    package="com.example.inmask.androidApp"
4    android:versionCode="1"
5    android:versionName="1.0" >
6
7    <uses-sdk
8        android:minSdkVersion="24"
8-->src\main\AndroidManifest.xml
9        android:targetSdkVersion="29" />
9-->src\main\AndroidManifest.xml
10
11    <application
11-->src\main\AndroidManifest.xml:3:5-13:19
12        android:allowBackup="false"
12-->src\main\AndroidManifest.xml:4:13-40
13        android:appComponentFactory="androidx.core.app.CoreComponentFactory"
13-->[androidx.core:core:1.3.1] AndroidManifest.xml:24:18-86
14        android:debuggable="true"
15        android:extractNativeLibs="false"
16        android:supportsRtl="true"
16-->src\main\AndroidManifest.xml:5:13-39
17        android:testOnly="true"
18        android:theme="@style/AppTheme" >
18-->src\main\AndroidManifest.xml:6:13-44
19        <activity android:name="com.example.inmask.androidApp.MainActivity" >
19-->src\main\AndroidManifest.xml:7:9-12:20
19-->src\main\AndroidManifest.xml:7:19-47
20            <intent-filter>
20-->src\main\AndroidManifest.xml:8:13-11:29
21                <action android:name="android.intent.action.MAIN" />
21-->src\main\AndroidManifest.xml:9:17-68
21-->src\main\AndroidManifest.xml:9:25-66
22
23                <category android:name="android.intent.category.LAUNCHER" />
23-->src\main\AndroidManifest.xml:10:17-76
23-->src\main\AndroidManifest.xml:10:27-74
24            </intent-filter>
25        </activity>
26    </application>
27
28</manifest>